[debug] [2023-03-01T19:56:46.970Z] ----------------------------------------------------------------------
[debug] [2023-03-01T19:56:46.973Z] Command:       C:\Program Files\nodejs\node.exe C:\Users\Shuvo\AppData\Roaming\npm\node_modules\firebase-tools\lib\bin\firebase.js init
[debug] [2023-03-01T19:56:46.974Z] CLI Version:   11.24.0
[debug] [2023-03-01T19:56:46.974Z] Platform:      win32
[debug] [2023-03-01T19:56:46.974Z] Node Version:  v16.18.0
[debug] [2023-03-01T19:56:46.981Z] Time:          Thu Mar 02 2023 01:56:46 GMT+0600 (Bangladesh Standard Time)
[debug] [2023-03-01T19:56:46.981Z] ----------------------------------------------------------------------
[debug] 
[debug] [2023-03-01T19:56:47.089Z] > command requires scopes: ["email","openid","https://www.googleapis.com/auth/cloudplatformprojects.readonly","https://www.googleapis.com/auth/firebase","https://www.googleapis.com/auth/cloud-platform"]
[debug] [2023-03-01T19:56:47.089Z] > authorizing via signed-in user (web.shuvoroy@gmail.com)
[info] 
     ######## #### ########  ######## ########     ###     ######  ########
     ##        ##  ##     ## ##       ##     ##  ##   ##  ##       ##
     ######    ##  ########  ######   ########  #########  ######  ######
     ##        ##  ##    ##  ##       ##     ## ##     ##       ## ##
     ##       #### ##     ## ######## ########  ##     ##  ######  ########

You're about to initialize a Firebase project in this directory:

  C:\webDeveloment\React\modul-71-doctors-portal-client

Before we get started, keep in mind:

  * You are currently outside your home directory
  * You are initializing within an existing Firebase project directory

[info] 
=== Project Setup
[info] 
[info] First, let's associate this project directory with a Firebase project.
[info] You can create multiple project aliases by running firebase use --add, 
[info] but for now we'll just set up a default project.
[info] 
[debug] [2023-03-01T19:56:57.654Z] Using project from CLI flag: care-project-2bc9e
[debug] [2023-03-01T19:56:57.658Z] >>> [apiv2][query] GET https://firebase.googleapis.com/v1beta1/projects/care-project-2bc9e [none]
[debug] [2023-03-01T19:56:58.501Z] <<< [apiv2][status] GET https://firebase.googleapis.com/v1beta1/projects/care-project-2bc9e 200
[debug] [2023-03-01T19:56:58.501Z] <<< [apiv2][body] GET https://firebase.googleapis.com/v1beta1/projects/care-project-2bc9e {"projectId":"care-project-2bc9e","projectNumber":"34125334411","displayName":"care-project","name":"projects/care-project-2bc9e","resources":{"hostingSite":"care-project-2bc9e"},"state":"ACTIVE","etag":"1_7fa4e18f-03ba-4641-a0dd-4e86d8156189"}
[info] i  Using project care-project-2bc9e (care-project) 
[info] 
=== Hosting Setup
[info] 
[info] Your public directory is the folder (relative to your project directory) that
[info] will contain Hosting assets to be uploaded with firebase deploy. If you
[info] have a build process for your assets, use your build's output directory.
[info] 
